Build started 2016-09-24 17:10.03.
     1>Project "D:\GitHub\helios_dac\drivers\helios_firmwareupdater_win32\HeliosFirmwareUpdater\HeliosFirmwareUpdater\HeliosFirmwareUpdater.vcxproj" on node 2 (Build target(s)).
     1>ClCompile:
         C:\Program Files (x86)\Microsoft Visual Studio 12.0\VC\bin\CL.exe /c /Zi /nologo /W3 /WX- /sdl /O2 /Oi /Oy- /GL /D WIN32 /D NDEBUG /D _CONSOLE /D _LIB /D _UNICODE /D UNICODE /Gm- /EHsc /MD /GS /Gy /fp:precise /Zc:wchar_t /Zc:forScope /Fo"Release\\" /Fd"Release\vc120.pdb" /Gd /TP /analyze- /errorReport:prompt HeliosDac.cpp main.cpp
         HeliosDac.cpp
     1>d:\github\helios_dac\drivers\helios_firmwareupdater_win32\heliosfirmwareupdater\heliosfirmwareupdater\libusb.h(738): warning C4200: nonstandard extension used : zero-sized array in struct/union
                 Cannot generate copy-ctor or copy-assignment operator when UDT contains a zero-sized array
     1>d:\github\helios_dac\drivers\helios_firmwareupdater_win32\heliosfirmwareupdater\heliosfirmwareupdater\libusb.h(769): warning C4200: nonstandard extension used : zero-sized array in struct/union
                 Cannot generate copy-ctor or copy-assignment operator when UDT contains a zero-sized array
     1>d:\github\helios_dac\drivers\helios_firmwareupdater_win32\heliosfirmwareupdater\heliosfirmwareupdater\libusb.h(1262): warning C4200: nonstandard extension used : zero-sized array in struct/union
                 Cannot generate copy-ctor or copy-assignment operator when UDT contains a zero-sized array
         main.cpp
     1>d:\github\helios_dac\drivers\helios_firmwareupdater_win32\heliosfirmwareupdater\heliosfirmwareupdater\libusb.h(738): warning C4200: nonstandard extension used : zero-sized array in struct/union
                 Cannot generate copy-ctor or copy-assignment operator when UDT contains a zero-sized array
     1>d:\github\helios_dac\drivers\helios_firmwareupdater_win32\heliosfirmwareupdater\heliosfirmwareupdater\libusb.h(769): warning C4200: nonstandard extension used : zero-sized array in struct/union
                 Cannot generate copy-ctor or copy-assignment operator when UDT contains a zero-sized array
     1>d:\github\helios_dac\drivers\helios_firmwareupdater_win32\heliosfirmwareupdater\heliosfirmwareupdater\libusb.h(1262): warning C4200: nonstandard extension used : zero-sized array in struct/union
                 Cannot generate copy-ctor or copy-assignment operator when UDT contains a zero-sized array
       Link:
         C:\Program Files (x86)\Microsoft Visual Studio 12.0\VC\bin\link.exe /ERRORREPORT:PROMPT /OUT:"D:\GitHub\helios_dac\drivers\helios_firmwareupdater_win32\HeliosFirmwareUpdater\Release\HeliosFirmwareUpdater.exe" /INCREMENTAL:NO /NOLOGO "libusb-1.0.lib" kernel32.lib user32.lib gdi32.lib winspool.lib comdlg32.lib advapi32.lib shell32.lib ole32.lib oleaut32.lib uuid.lib odbc32.lib odbccp32.lib /MANIFEST /MANIFESTUAC:"level='asInvoker' uiAccess='false'" /manifest:embed /DEBUG /PDB:"D:\GitHub\helios_dac\drivers\helios_firmwareupdater_win32\HeliosFirmwareUpdater\Release\HeliosFirmwareUpdater.pdb" /SUBSYSTEM:CONSOLE /OPT:REF /OPT:ICF /LTCG /TLBID:1 /DYNAMICBASE /NXCOMPAT /IMPLIB:"D:\GitHub\helios_dac\drivers\helios_firmwareupdater_win32\HeliosFirmwareUpdater\Release\HeliosFirmwareUpdater.lib" /MACHINE:X86 /SAFESEH Release\HeliosDac.obj
         Release\main.obj
     1>LINK : warning LNK4098: defaultlib 'LIBCMT' conflicts with use of other libs; use /NODEFAULTLIB:library
         Generating code
         Finished generating code
     1>libusb-1.0.lib(core.obj) : warning LNK4099: PDB 'vc120.pdb' was not found with 'libusb-1.0.lib(core.obj)' or at 'D:\GitHub\helios_dac\drivers\helios_firmwareupdater_win32\HeliosFirmwareUpdater\Release\vc120.pdb'; linking object as if no debug info
     1>libusb-1.0.lib(sync.obj) : warning LNK4099: PDB 'vc120.pdb' was not found with 'libusb-1.0.lib(sync.obj)' or at 'D:\GitHub\helios_dac\drivers\helios_firmwareupdater_win32\HeliosFirmwareUpdater\Release\vc120.pdb'; linking object as if no debug info
     1>libusb-1.0.lib(descriptor.obj) : warning LNK4099: PDB 'vc120.pdb' was not found with 'libusb-1.0.lib(descriptor.obj)' or at 'D:\GitHub\helios_dac\drivers\helios_firmwareupdater_win32\HeliosFirmwareUpdater\Release\vc120.pdb'; linking object as if no debug info
     1>libusb-1.0.lib(io.obj) : warning LNK4099: PDB 'vc120.pdb' was not found with 'libusb-1.0.lib(io.obj)' or at 'D:\GitHub\helios_dac\drivers\helios_firmwareupdater_win32\HeliosFirmwareUpdater\Release\vc120.pdb'; linking object as if no debug info
     1>libusb-1.0.lib(threads_windows.obj) : warning LNK4099: PDB 'vc120.pdb' was not found with 'libusb-1.0.lib(threads_windows.obj)' or at 'D:\GitHub\helios_dac\drivers\helios_firmwareupdater_win32\HeliosFirmwareUpdater\Release\vc120.pdb'; linking object as if no debug info
     1>libusb-1.0.lib(windows_usb.obj) : warning LNK4099: PDB 'vc120.pdb' was not found with 'libusb-1.0.lib(windows_usb.obj)' or at 'D:\GitHub\helios_dac\drivers\helios_firmwareupdater_win32\HeliosFirmwareUpdater\Release\vc120.pdb'; linking object as if no debug info
     1>libusb-1.0.lib(hotplug.obj) : warning LNK4099: PDB 'vc120.pdb' was not found with 'libusb-1.0.lib(hotplug.obj)' or at 'D:\GitHub\helios_dac\drivers\helios_firmwareupdater_win32\HeliosFirmwareUpdater\Release\vc120.pdb'; linking object as if no debug info
     1>libusb-1.0.lib(poll_windows.obj) : warning LNK4099: PDB 'vc120.pdb' was not found with 'libusb-1.0.lib(poll_windows.obj)' or at 'D:\GitHub\helios_dac\drivers\helios_firmwareupdater_win32\HeliosFirmwareUpdater\Release\vc120.pdb'; linking object as if no debug info
         HeliosFirmwareUpdater.vcxproj -> D:\GitHub\helios_dac\drivers\helios_firmwareupdater_win32\HeliosFirmwareUpdater\Release\HeliosFirmwareUpdater.exe
     1>Done Building Project "D:\GitHub\helios_dac\drivers\helios_firmwareupdater_win32\HeliosFirmwareUpdater\HeliosFirmwareUpdater\HeliosFirmwareUpdater.vcxproj" (Build target(s)).

Build succeeded.

Time Elapsed 00:00:01.31
